
2025-04-28 19:34:11,285 - INFO - Processing file: sample-local-pdf.zip,  UploadFile(filename='sample-local-pdf.zip', size=47003, headers=Headers({'content-disposition': 'form-data; name="files"; filename="sample-local-pdf.zip"', 'content-type': 'application/zip'}))
2025-04-28 19:34:11,287 - INFO - Extracted 1 files from sample-local-pdf.zip, Batch ID: 
2025-04-28 19:34:11,290 - INFO - Response: {'message': {'extracted_dir': ['C:\\Users\\Sourabh Kumar Das\\Desktop\\Talent_sync_eda\\zip_dir\\sample-local-pdf'], 'batch_id': '06c39560-d4f6-499e-a49e-222245be5f18', 'user_id': '87da745c-0b33-4ee2-9d79-dc67aa059c6b', 'company_id': '6acd8b5a-ab69-4039-abaf-c287c2bd102b'}}
2025-04-28 19:34:11,291 - INFO - Processing message 1745849045405-0 -> {'message': {'extracted_dir': ['C:\\Users\\Sourabh Kumar Das\\Desktop\\Talent_sync_eda\\zip_dir\\sample-local-pdf'], 'batch_id': '06c39560-d4f6-499e-a49e-222245be5f18', 'user_id': '87da745c-0b33-4ee2-9d79-dc67aa059c6b', 'company_id': '6acd8b5a-ab69-4039-abaf-c287c2bd102b'}}
2025-04-28 19:34:11,291 - INFO - Processing extracted directory: C:\Users\Sourabh Kumar Das\Desktop\Talent_sync_eda\zip_dir\sample-local-pdf
2025-04-28 19:34:11,291 - INFO - Starting to process files from extracted directory: C:\Users\Sourabh Kumar Das\Desktop\Talent_sync_eda\zip_dir\sample-local-pdf
2025-04-28 19:34:11,292 - INFO - Found 1 CV files to process
2025-04-28 19:34:11,292 - INFO - Split files into 1 non-overlapping chunks
2025-04-28 19:34:11,292 - INFO - Processing chunk of 1 files from C:\Users\Sourabh Kumar Das\Desktop\Talent_sync_eda\zip_dir\sample-local-pdf
2025-04-28 19:34:11,292 - INFO - Starting to process PDF file: C:\Users\Sourabh Kumar Das\Desktop\Talent_sync_eda\zip_dir\sample-local-pdf\sample-local-pdf.pdf
2025-04-28 19:34:11,586 - INFO - text                   Sample PDF

                  Created for testing PDFObject

This PDF is three pages long. Three long pages. Or three short pages if

you’re optimistic. Is it the same as saying “three long minutes”, knowing

that all minutes are the same duration, and one cannot possibly be longer

than the other? If these pages are all the same size, can one possibly be

longer than the other?

I digress. Here’s some Latin. Lorem ipsum dolor sit amet, consectetur adipiscing elit. Integer nec

odio. Praesent libero. Sed cursus ante dapibus diam. Sed nisi. Nulla quis sem at nibh elementum

imperdiet. Duis sagittis ipsum. Praesent mauris. Fusce nec tellus sed augue semper porta. Mauris

massa. Vestibulum lacinia arcu eget nulla. Class aptent taciti sociosqu ad litora torquent per

conubia nostra, per inceptos himenaeos. Curabitur sodales ligula in libero.

Sed dignissim lacinia nunc. Curabitur tortor. Pellentesque nibh. Aenean quam. In scelerisque sem

at dolor. Maecenas mattis. Sed convallis tristique sem. Proin ut ligula vel nunc egestas porttitor.

Morbi lectus risus, iaculis vel, suscipit quis, luctus non, massa. Fusce ac turpis quis ligula lacinia

aliquet. Mauris ipsum. Nulla metus metus, ullamcorper vel, tincidunt sed, euismod in, nibh.

Quisque volutpat condimentum velit. Class aptent taciti sociosqu ad litora torquent per conubia

nostra, per inceptos himenaeos. Nam nec ante. Sed lacinia, urna non tincidunt mattis, tortor neque

adipiscing diam, a cursus ipsum ante quis turpis. Nulla facilisi. Ut fringilla. Suspendisse potenti.

Nunc feugiat mi a tellus consequat imperdiet. Vestibulum sapien. Proin quam. Etiam ultrices.

Suspendisse in justo eu magna luctus suscipit. Sed lectus. Integer euismod lacus luctus magna.

Quisque cursus, metus vitae pharetra auctor, sem massa mattis sem, at interdum magna augue

eget diam. Vestibulum ante ipsum primis in faucibus orci luctus et ultrices posuere cubilia Curae;

Morbi lacinia molestie dui. Praesent blandit dolor. Sed non quam. In vel mi sit amet augue congue

elementum. Morbi in ipsum sit amet pede facilisis laoreet. Donec lacus nunc, viverra nec, blandit

vel, egestas et, augue. Vestibulum tincidunt malesuada tellus. Ut ultrices ultrices enim. Curabitur

sit amet mauris.

Morbi in dui quis est pulvinar ullamcorper. Nulla facilisi. Integer lacinia sollicitudin massa. Cras

metus. Sed aliquet risus a tortor. Integer id quam. Morbi mi. Quisque nisl felis, venenatis tristique,

dignissim in, ultrices sit amet, augue. Proin sodales libero eget ante. Nulla quam. Aenean laoreet.

Vestibulum nisi lectus, commodo ac, facilisis ac, ultricies eu, pede. Ut orci risus, accumsan

porttitor, cursus quis, aliquet eget, justo. Sed pretium blandit orci.

Ut eu diam at pede suscipit sodales. Aenean lectus elit, fermentum non, convallis id, sagittis at,

neque. Nullam mauris orci, aliquet et, iaculis et, viverra vitae, ligula. Nulla ut felis in purus

aliquam imperdiet. Maecenas aliquet mollis lectus. Vivamus consectetuer risus et tortor. Lorem

                        1
ipsum dolor sit amet, consectetur adipiscing elit. Integer nec odio. Praesent libero. Sed cursus ante

dapibus diam. Sed nisi. Nulla quis sem at nibh elementum imperdiet. Duis sagittis ipsum.

Praesent mauris.

Fusce nec tellus sed augue semper porta. Mauris massa. Vestibulum lacinia arcu eget nulla. Class

aptent taciti sociosqu ad litora torquent per conubia nostra, per inceptos himenaeos. Curabitur

sodales ligula in libero. Sed dignissim lacinia nunc. Curabitur tortor. Pellentesque nibh. Aenean

quam. In scelerisque sem at dolor. Maecenas mattis. Sed convallis tristique sem.

Proin ut ligula vel nunc egestas porttitor. Morbi lectus risus, iaculis vel, suscipit quis, luctus non,

massa. Fusce ac turpis quis ligula lacinia aliquet. Mauris ipsum. Nulla metus metus, ullamcorper

vel, tincidunt sed, euismod in, nibh. Quisque volutpat condimentum velit. Class aptent taciti

sociosqu ad litora torquent per conubia nostra, per inceptos himenaeos. Nam nec ante. Sed lacinia,

urna non tincidunt mattis, tortor neque adipiscing diam, a cursus ipsum ante quis turpis. Nulla

facilisi. Ut fringilla. Suspendisse potenti.

Nunc feugiat mi a tellus consequat imperdiet. Vestibulum sapien. Proin quam. Etiam ultrices.

Suspendisse in justo eu magna luctus suscipit. Sed lectus. Integer euismod lacus luctus magna.

Quisque cursus, metus vitae pharetra auctor, sem massa mattis sem, at interdum magna augue

eget diam. Vestibulum ante ipsum primis in faucibus orci luctus et ultrices posuere cubilia Curae;

Morbi lacinia molestie dui. Praesent blandit dolor. Sed non quam. In vel mi sit amet augue congue

elementum. Morbi in ipsum sit amet pede facilisis laoreet.

Donec lacus nunc, viverra nec, blandit vel, egestas et, augue. Vestibulum tincidunt malesuada

tellus. Ut ultrices ultrices enim. Curabitur sit amet mauris. Morbi in dui quis est pulvinar

ullamcorper. Nulla facilisi. Integer lacinia sollicitudin massa. Cras metus. Sed aliquet risus a

tortor. Integer id quam. Morbi mi.

Lorem ipsum dolor sit amet, consectetur adipiscing elit. Integer nec odio. Praesent libero. Sed

cursus ante dapibus diam. Sed nisi. Nulla quis sem at nibh elementum imperdiet. Duis sagittis

ipsum. Praesent mauris. Fusce nec tellus sed augue semper porta. Mauris massa. Vestibulum

lacinia arcu eget nulla. Class aptent taciti sociosqu ad litora torquent per conubia nostra, per

inceptos himenaeos. Curabitur sodales ligula in libero.

Sed dignissim lacinia nunc. Curabitur tortor. Pellentesque nibh. Aenean quam. In scelerisque sem

at dolor. Maecenas mattis. Sed convallis tristique sem. Proin ut ligula vel nunc egestas porttitor.

Morbi lectus risus, iaculis vel, suscipit quis, luctus non, massa. Fusce ac turpis quis ligula lacinia

aliquet. Mauris ipsum. Nulla metus metus, ullamcorper vel, tincidunt sed, euismod in, nibh.

Quisque volutpat condimentum velit. Class aptent taciti sociosqu ad litora torquent per conubia

nostra, per inceptos himenaeos. Nam nec ante. Sed lacinia, urna non tincidunt mattis, tortor neque

adipiscing diam, a cursus ipsum ante quis turpis. Nulla facilisi. Ut fringilla. Suspendisse potenti.

Nunc feugiat mi a tellus consequat imperdiet. Vestibulum sapien. Proin quam. Etiam ultrices.

Suspendisse in justo eu magna luctus suscipit. Sed lectus. Integer euismod lacus luctus magna.

Quisque cursus, metus vitae pharetra auctor, sem massa mattis sem, at interdum magna augue

eget diam. Vestibulum ante ipsum primis in faucibus orci luctus et ultrices posuere cubilia Curae;

Morbi lacinia molestie dui. Praesent blandit dolor. Sed non quam. In vel mi sit amet augue congue

                                              2
elementum. Morbi in ipsum sit amet pede facilisis laoreet. Donec lacus nunc, viverra nec, blandit

vel, egestas et, augue. Vestibulum tincidunt malesuada tellus. Ut ultrices ultrices enim. Curabitur

sit amet mauris.

Morbi in dui quis est pulvinar ullamcorper. Nulla facilisi. Integer lacinia sollicitudin massa. Cras

metus. Sed aliquet risus a tortor. Integer id quam. Morbi mi. Quisque nisl felis, venenatis tristique,

dignissim in, ultrices sit amet, augue. Proin sodales libero eget ante. Nulla quam. Aenean laoreet.

Vestibulum nisi lectus, commodo ac, facilisis ac, ultricies eu, pede. Ut orci risus, accumsan

porttitor, cursus quis, aliquet eget, justo. Sed pretium blandit orci.

Ut eu diam at pede suscipit sodales. Aenean lectus elit, fermentum non, convallis id, sagittis at,

neque. Nullam mauris orci, aliquet et, iaculis et, viverra vitae, ligula. Nulla ut felis in purus

aliquam imperdiet. Maecenas aliquet mollis lectus. Vivamus consectetuer risus et tortor. Lorem

ipsum dolor sit amet, consectetur adipiscing elit. Integer nec odio. Praesent libero. Sed cursus ante

dapibus diam. Sed nisi. Nulla quis sem at nibh elementum imperdiet. Duis sagittis ipsum.

Praesent mauris.

Fusce nec tellus sed augue semper porta. Mauris massa. Vestibulum lacinia arcu eget nulla. Class

aptent taciti sociosqu ad litora torquent per conubia nostra, per inceptos himenaeos. Curabitur

sodales ligula in libero. Sed dignissim lacinia nunc. Curabitur tortor. Pellentesque nibh. Aenean

quam. In scelerisque sem at dolor. Maecenas mattis. Sed convallis tristique sem.

Proin ut ligula vel nunc egestas porttitor. Morbi lectus risus, iaculis vel, suscipit quis, luctus non,

massa. Fusce ac turpis quis ligula lacinia aliquet. Mauris ipsum. Nulla metus metus, ullamcorper

vel, tincidunt sed, euismod in, nibh. Quisque volutpat condimentum velit. Class aptent taciti

sociosqu ad litora torquent per conubia nostra, per inceptos himenaeos. Nam nec ante. Sed lacinia,

urna non tincidunt mattis, tortor neque adipiscing diam, a cursus ipsum ante quis turpis. Nulla

facilisi. Ut fringilla. Suspendisse potenti.

Nunc feugiat mi a tellus consequat imperdiet. Vestibulum sapien. Proin quam. Etiam ultrices.

Suspendisse in justo eu magna luctus suscipit. Sed lectus. Integer euismod lacus luctus magna.

Quisque cursus, metus vitae pharetra auctor, sem massa mattis sem, at interdum magna augue

eget diam. Vestibulum ante ipsum primis in faucibus orci luctus et ultrices posuere cubilia Curae;

Morbi lacinia molestie dui. Praesent blandit dolor. Sed non quam. In vel mi sit amet augue congue

elementum. Morbi in ipsum sit amet pede facilisis laoreet.

                                              3

2025-04-28 19:34:11,589 - INFO - Successfully parsed PDF file: C:\Users\Sourabh Kumar Das\Desktop\Talent_sync_eda\zip_dir\sample-local-pdf\sample-local-pdf.pdf
2025-04-28 19:34:11,589 - INFO - Processed chunk: 0 successful, 0 failed
2025-04-28 19:34:11,589 - INFO - Completed processing all chunks
2025-04-28 19:34:11,589 - INFO - Successfully cleaned up directory: C:\Users\Sourabh Kumar Das\Desktop\Talent_sync_eda\zip_dir\sample-local-pdf
2025-04-28 19:34:11,589 - INFO - Done processing 1745849045405-0
