2025-04-29 14:57:00,930 - INFO - Extracted 4 files from 3c37afile.zip, Batch ID: 
2025-04-29 14:57:00,952 - INFO - Extracted 4 files from 79e0bfile.zip, Batch ID: 
2025-04-29 14:57:01,420 - INFO - Extracted 4 files from 0e3bdfile.zip, Batch ID: 
2025-04-29 14:57:01,904 - INFO - Extracted 4 files from 9a77ffile.zip, Batch ID: 
2025-04-29 14:57:03,160 - INFO - Extracted 4 files from b5fd9file.zip, Batch ID: 
2025-04-29 14:57:03,765 - INFO - Extracted 4 files from 6da0dfile.zip, Batch ID: 
2025-04-29 14:57:04,234 - INFO - Extracted 4 files from 5d468file.zip, Batch ID: 
2025-04-29 14:57:04,709 - INFO - Extracted 4 files from 39eb5file.zip, Batch ID: 
2025-04-29 14:57:05,207 - INFO - Extracted 4 files from 499edfile.zip, Batch ID: 
2025-04-29 14:57:05,713 - INFO - Extracted 4 files from 79fbafile.zip, Batch ID: 
2025-04-29 14:57:06,196 - INFO - Extracted 4 files from 9836efile.zip, Batch ID: 
2025-04-29 14:57:06,669 - INFO - Extracted 4 files from 7efb3file.zip, Batch ID: 
2025-04-29 14:57:07,135 - INFO - Extracted 4 files from 74387file.zip, Batch ID: 
2025-04-29 14:57:07,600 - INFO - Extracted 4 files from c3ed9file.zip, Batch ID: 
2025-04-29 14:57:08,089 - INFO - Extracted 4 files from 713f5file.zip, Batch ID: 
2025-04-29 14:57:08,567 - INFO - Extracted 4 files from 44ed5file.zip, Batch ID: 
2025-04-29 14:57:09,024 - INFO - Extracted 4 files from 80aa4file.zip, Batch ID: 
2025-04-29 14:57:09,484 - INFO - Extracted 4 files from 9e4fbfile.zip, Batch ID: 
2025-04-29 14:57:09,938 - INFO - Extracted 4 files from 8055cfile.zip, Batch ID: 
2025-04-29 14:57:10,430 - INFO - Extracted 4 files from 03a98file.zip, Batch ID: 
2025-04-29 14:57:10,861 - INFO - Extracted 4 files from ad06bfile.zip, Batch ID: 
2025-04-29 14:57:11,387 - INFO - Extracted 4 files from ff76bfile.zip, Batch ID: 
2025-04-29 14:57:11,873 - INFO - Extracted 4 files from 94443file.zip, Batch ID: 
2025-04-29 14:57:12,407 - INFO - Extracted 4 files from 08af7file.zip, Batch ID: 
2025-04-29 14:57:12,877 - INFO - Extracted 4 files from 64fdafile.zip, Batch ID: 
2025-04-29 14:57:13,340 - INFO - Extracted 4 files from f673dfile.zip, Batch ID: 
2025-04-29 14:57:13,826 - INFO - Extracted 4 files from d4e78file.zip, Batch ID: 
2025-04-29 14:57:14,283 - INFO - Extracted 4 files from b4b6efile.zip, Batch ID: 
2025-04-29 14:57:14,734 - INFO - Extracted 4 files from 420ebfile.zip, Batch ID: 
2025-04-29 14:57:15,189 - INFO - Extracted 4 files from d82defile.zip, Batch ID: 
2025-04-29 14:57:15,674 - INFO - Extracted 4 files from 3ca33file.zip, Batch ID: 
2025-04-29 14:57:16,140 - INFO - Extracted 4 files from e6b8cfile.zip, Batch ID: 
2025-04-29 14:57:16,611 - INFO - Extracted 4 files from 765f7file.zip, Batch ID: 
2025-04-29 14:57:17,114 - INFO - Extracted 4 files from e9073file.zip, Batch ID: 
2025-04-29 14:57:17,604 - INFO - Extracted 4 files from 1bf0bfile.zip, Batch ID: 
2025-04-29 14:57:18,119 - INFO - Extracted 4 files from 81b2cfile.zip, Batch ID: 
2025-04-29 14:57:18,717 - INFO - Extracted 4 files from a4e35file.zip, Batch ID: 
2025-04-29 14:57:19,241 - INFO - Extracted 4 files from fbbb0file.zip, Batch ID: 
2025-04-29 14:57:19,703 - INFO - Extracted 4 files from e5310file.zip, Batch ID: 
2025-04-29 14:57:20,171 - INFO - Extracted 4 files from bd79cfile.zip, Batch ID: 
2025-04-29 14:57:20,632 - INFO - Extracted 4 files from ec9f1file.zip, Batch ID: 
2025-04-29 14:57:21,091 - INFO - Extracted 4 files from ecae3file.zip, Batch ID: 
2025-04-29 14:57:21,548 - INFO - Extracted 4 files from c5ddcfile.zip, Batch ID: 
2025-04-29 14:57:21,997 - INFO - Extracted 4 files from 87ef5file.zip, Batch ID: 
2025-04-29 14:57:22,462 - INFO - Extracted 4 files from c283bfile.zip, Batch ID: 
2025-04-29 14:57:22,915 - INFO - Extracted 4 files from 5b1c7file.zip, Batch ID: 
2025-04-29 14:57:23,361 - INFO - Extracted 4 files from 18d2efile.zip, Batch ID: 
2025-04-29 14:57:23,809 - INFO - Extracted 4 files from 22db2file.zip, Batch ID: 
2025-04-29 14:57:24,266 - INFO - Extracted 4 files from c91d1file.zip, Batch ID: 
2025-04-29 14:57:24,714 - INFO - Extracted 4 files from e5082file.zip, Batch ID: 
2025-04-29 14:57:25,185 - INFO - Extracted 4 files from 3d747file.zip, Batch ID: 
2025-04-29 14:57:25,660 - INFO - Extracted 4 files from 91a64file.zip, Batch ID: 
2025-04-29 14:57:26,124 - INFO - Extracted 4 files from be9e5file.zip, Batch ID: 
2025-04-29 14:57:26,591 - INFO - Extracted 4 files from 0ccdbfile.zip, Batch ID: 
2025-04-29 14:57:27,174 - INFO - Extracted 4 files from fce8dfile.zip, Batch ID: 
2025-04-29 14:57:27,748 - INFO - Extracted 4 files from 431fffile.zip, Batch ID: 
2025-04-29 14:57:28,261 - INFO - Extracted 4 files from 395a8file.zip, Batch ID: 
2025-04-29 14:57:28,724 - INFO - Extracted 4 files from da3cbfile.zip, Batch ID: 
2025-04-29 14:57:29,180 - INFO - Extracted 4 files from b7d39file.zip, Batch ID: 
2025-04-29 14:57:29,637 - INFO - Extracted 4 files from fbcb1file.zip, Batch ID: 
2025-04-29 14:57:30,106 - INFO - Extracted 4 files from c75e3file.zip, Batch ID: 
2025-04-29 14:57:30,565 - INFO - Extracted 4 files from 791a6file.zip, Batch ID: 
2025-04-29 14:57:31,022 - INFO - Extracted 4 files from 41af3file.zip, Batch ID: 
2025-04-29 14:57:31,479 - INFO - Extracted 4 files from c1f30file.zip, Batch ID: 
2025-04-29 14:57:31,927 - INFO - Extracted 4 files from d2a6cfile.zip, Batch ID: 
2025-04-29 14:57:32,379 - INFO - Extracted 4 files from 51055file.zip, Batch ID: 
2025-04-29 14:57:32,830 - INFO - Extracted 4 files from c7001file.zip, Batch ID: 
2025-04-29 14:57:33,288 - INFO - Extracted 4 files from 6cfcdfile.zip, Batch ID: 
2025-04-29 14:57:33,746 - INFO - Extracted 4 files from 41a7bfile.zip, Batch ID: 
2025-04-29 14:57:34,226 - INFO - Extracted 4 files from 6be98file.zip, Batch ID: 
2025-04-29 14:57:34,701 - INFO - Extracted 4 files from de8ddfile.zip, Batch ID: 
2025-04-29 14:57:35,184 - INFO - Extracted 4 files from d113ffile.zip, Batch ID: 
2025-04-29 14:57:35,811 - INFO - Extracted 4 files from d781bfile.zip, Batch ID: 
2025-04-29 14:57:36,414 - INFO - Extracted 4 files from 3ed57file.zip, Batch ID: 
2025-04-29 14:57:36,924 - INFO - Extracted 4 files from 53fdffile.zip, Batch ID: 
2025-04-29 14:57:37,378 - INFO - Extracted 4 files from f2fd9file.zip, Batch ID: 
2025-04-29 14:57:37,852 - INFO - Extracted 4 files from df378file.zip, Batch ID: 
2025-04-29 14:57:38,318 - INFO - Extracted 4 files from 32d5cfile.zip, Batch ID: 
2025-04-29 14:57:38,780 - INFO - Extracted 4 files from 45057file.zip, Batch ID: 
2025-04-29 14:57:39,232 - INFO - Extracted 4 files from bedf6file.zip, Batch ID: 
2025-04-29 14:57:39,703 - INFO - Extracted 4 files from 7a16efile.zip, Batch ID: 
2025-04-29 14:57:40,174 - INFO - Extracted 4 files from 3ab68file.zip, Batch ID: 
2025-04-29 14:57:40,635 - INFO - Extracted 4 files from 888c4file.zip, Batch ID: 
2025-04-29 14:57:41,098 - INFO - Extracted 4 files from 3f5bdfile.zip, Batch ID: 
2025-04-29 14:57:41,573 - INFO - Extracted 4 files from 5c8d1file.zip, Batch ID: 
2025-04-29 14:57:42,039 - INFO - Extracted 4 files from fb52afile.zip, Batch ID: 
2025-04-29 14:57:42,059 - INFO - Extracted 4 files from 64b80file.zip, Batch ID: 
2025-04-29 14:57:42,085 - INFO - Extracted 4 files from 22289file.zip, Batch ID: 
2025-04-29 14:57:42,102 - INFO - Extracted 4 files from 6a384file.zip, Batch ID: 
2025-04-29 14:57:42,118 - INFO - Extracted 4 files from e729ffile.zip, Batch ID: 
2025-04-29 14:57:42,135 - INFO - Extracted 4 files from a8e4cfile.zip, Batch ID: 
2025-04-29 14:57:42,151 - INFO - Extracted 4 files from 1da01file.zip, Batch ID: 
2025-04-29 14:57:42,169 - INFO - Extracted 4 files from baf19file.zip, Batch ID: 
2025-04-29 14:57:42,187 - INFO - Extracted 4 files from 13978file.zip, Batch ID: 
2025-04-29 14:57:42,208 - INFO - Extracted 4 files from 5ba70file.zip, Batch ID: 
2025-04-29 14:57:42,291 - INFO - Extracted 4 files from ef324file.zip, Batch ID: 
2025-04-29 14:57:42,309 - INFO - Extracted 4 files from 1b660file.zip, Batch ID: 
2025-04-29 15:09:22,283 - INFO - Extracted 4 files from e523efile.zip, Batch ID: 
2025-04-29 15:09:23,204 - INFO - Extracted 4 files from 17ba0file.zip, Batch ID: 
2025-04-29 15:09:23,761 - INFO - Extracted 4 files from d3e74file.zip, Batch ID: 
2025-04-29 15:09:23,781 - INFO - Extracted 4 files from 60b48file.zip, Batch ID: 
2025-04-29 15:09:24,834 - INFO - Extracted 4 files from bc449file.zip, Batch ID: 
2025-04-29 15:09:25,358 - INFO - Extracted 4 files from b261cfile.zip, Batch ID: 
2025-04-29 15:09:25,836 - INFO - Extracted 4 files from f578cfile.zip, Batch ID: 
2025-04-29 15:09:26,323 - INFO - Extracted 4 files from 7698cfile.zip, Batch ID: 
2025-04-29 15:09:26,820 - INFO - Extracted 4 files from 533c5file.zip, Batch ID: 
2025-04-29 15:09:27,295 - INFO - Extracted 4 files from ea918file.zip, Batch ID: 
2025-04-29 15:09:27,781 - INFO - Extracted 4 files from 62c50file.zip, Batch ID: 
2025-04-29 15:09:28,237 - INFO - Extracted 4 files from 50bccfile.zip, Batch ID: 
2025-04-29 15:09:28,738 - INFO - Extracted 4 files from 5c6fefile.zip, Batch ID: 
2025-04-29 15:09:29,195 - INFO - Extracted 4 files from 5057dfile.zip, Batch ID: 
2025-04-29 15:09:29,647 - INFO - Extracted 4 files from ddf1cfile.zip, Batch ID: 
2025-04-29 15:09:30,109 - INFO - Extracted 4 files from eb080file.zip, Batch ID: 
2025-04-29 15:09:30,565 - INFO - Extracted 4 files from 6b716file.zip, Batch ID: 
2025-04-29 15:09:31,047 - INFO - Extracted 4 files from 6049dfile.zip, Batch ID: 
2025-04-29 15:09:31,507 - INFO - Extracted 4 files from 47aacfile.zip, Batch ID: 
2025-04-29 15:09:31,972 - INFO - Extracted 4 files from 301e1file.zip, Batch ID: 
2025-04-29 15:09:32,437 - INFO - Extracted 4 files from 45726file.zip, Batch ID: 
2025-04-29 15:09:32,928 - INFO - Extracted 4 files from 8a94afile.zip, Batch ID: 
2025-04-29 15:09:33,395 - INFO - Extracted 4 files from ec2defile.zip, Batch ID: 
2025-04-29 15:09:33,852 - INFO - Extracted 4 files from 115d0file.zip, Batch ID: 
2025-04-29 15:09:34,302 - INFO - Extracted 4 files from 7a9d4file.zip, Batch ID: 
2025-04-29 15:09:34,763 - INFO - Extracted 4 files from e194afile.zip, Batch ID: 
2025-04-29 15:09:35,230 - INFO - Extracted 4 files from 45b8cfile.zip, Batch ID: 
2025-04-29 15:09:35,700 - INFO - Extracted 4 files from 237b0file.zip, Batch ID: 
2025-04-29 15:09:36,240 - INFO - Extracted 4 files from 0b8d5file.zip, Batch ID: 
2025-04-29 15:09:36,715 - INFO - Extracted 4 files from 271affile.zip, Batch ID: 
2025-04-29 15:09:37,190 - INFO - Extracted 4 files from 1e8ecfile.zip, Batch ID: 
2025-04-29 15:09:37,698 - INFO - Extracted 4 files from f66e0file.zip, Batch ID: 
2025-04-29 15:09:38,178 - INFO - Extracted 4 files from 07ab4file.zip, Batch ID: 
2025-04-29 15:09:38,696 - INFO - Extracted 4 files from 620c7file.zip, Batch ID: 
2025-04-29 15:09:39,325 - INFO - Extracted 4 files from a0bf2file.zip, Batch ID: 
2025-04-29 15:09:39,883 - INFO - Extracted 4 files from 1e84bfile.zip, Batch ID: 
2025-04-29 15:09:40,401 - INFO - Extracted 4 files from e537ffile.zip, Batch ID: 
2025-04-29 15:09:40,856 - INFO - Extracted 4 files from 05fb8file.zip, Batch ID: 
2025-04-29 15:09:41,332 - INFO - Extracted 4 files from f798bfile.zip, Batch ID: 
2025-04-29 15:09:41,796 - INFO - Extracted 4 files from 8d192file.zip, Batch ID: 
2025-04-29 15:09:42,270 - INFO - Extracted 4 files from b8372file.zip, Batch ID: 
2025-04-29 15:09:42,740 - INFO - Extracted 4 files from f96d5file.zip, Batch ID: 
2025-04-29 15:09:43,195 - INFO - Extracted 4 files from 2ba5cfile.zip, Batch ID: 
2025-04-29 15:09:43,656 - INFO - Extracted 4 files from d5c23file.zip, Batch ID: 
2025-04-29 15:09:44,108 - INFO - Extracted 4 files from d1e0dfile.zip, Batch ID: 
2025-04-29 15:09:44,555 - INFO - Extracted 4 files from 58aabfile.zip, Batch ID: 
2025-04-29 15:09:45,007 - INFO - Extracted 4 files from c7084file.zip, Batch ID: 
2025-04-29 15:09:45,455 - INFO - Extracted 4 files from fec1afile.zip, Batch ID: 
2025-04-29 15:09:45,937 - INFO - Extracted 4 files from 8e950file.zip, Batch ID: 
2025-04-29 15:09:46,530 - INFO - Extracted 4 files from 63213file.zip, Batch ID: 
2025-04-29 15:09:46,991 - INFO - Extracted 4 files from 246acfile.zip, Batch ID: 
2025-04-29 15:09:47,508 - INFO - Extracted 4 files from 89f16file.zip, Batch ID: 
2025-04-29 15:09:48,180 - INFO - Extracted 4 files from d9b76file.zip, Batch ID: 
2025-04-29 15:09:48,744 - INFO - Extracted 4 files from 43bd1file.zip, Batch ID: 
2025-04-29 15:09:49,227 - INFO - Extracted 4 files from 24677file.zip, Batch ID: 
2025-04-29 15:09:49,710 - INFO - Extracted 4 files from 6d991file.zip, Batch ID: 
2025-04-29 15:09:50,197 - INFO - Extracted 4 files from 91ecffile.zip, Batch ID: 
2025-04-29 15:09:50,655 - INFO - Extracted 4 files from 4af5afile.zip, Batch ID: 
2025-04-29 15:09:51,113 - INFO - Extracted 4 files from 528bafile.zip, Batch ID: 
2025-04-29 15:09:51,574 - INFO - Extracted 4 files from b6453file.zip, Batch ID: 
2025-04-29 15:09:52,027 - INFO - Extracted 4 files from 4ca11file.zip, Batch ID: 
2025-04-29 15:09:52,482 - INFO - Extracted 4 files from a826cfile.zip, Batch ID: 
2025-04-29 15:09:52,951 - INFO - Extracted 4 files from cfdf0file.zip, Batch ID: 
2025-04-29 15:09:53,408 - INFO - Extracted 4 files from dbe92file.zip, Batch ID: 
2025-04-29 15:09:53,867 - INFO - Extracted 4 files from 7d78efile.zip, Batch ID: 
2025-04-29 15:09:54,320 - INFO - Extracted 4 files from 97aecfile.zip, Batch ID: 
2025-04-29 15:09:54,777 - INFO - Extracted 4 files from 9f65dfile.zip, Batch ID: 
2025-04-29 15:09:55,263 - INFO - Extracted 4 files from f89f5file.zip, Batch ID: 
2025-04-29 15:09:55,734 - INFO - Extracted 4 files from 6a7c8file.zip, Batch ID: 
2025-04-29 15:09:56,356 - INFO - Extracted 4 files from 92f1afile.zip, Batch ID: 
2025-04-29 15:09:56,959 - INFO - Extracted 4 files from 1653efile.zip, Batch ID: 
2025-04-29 15:09:57,501 - INFO - Extracted 4 files from b1551file.zip, Batch ID: 
2025-04-29 15:09:57,980 - INFO - Extracted 4 files from 15671file.zip, Batch ID: 
2025-04-29 15:09:58,445 - INFO - Extracted 4 files from 0d06cfile.zip, Batch ID: 
2025-04-29 15:09:58,948 - INFO - Extracted 4 files from fe930file.zip, Batch ID: 
2025-04-29 15:09:59,415 - INFO - Extracted 4 files from 83908file.zip, Batch ID: 
2025-04-29 15:09:59,872 - INFO - Extracted 4 files from 02ecbfile.zip, Batch ID: 
2025-04-29 15:10:00,326 - INFO - Extracted 4 files from 1dc08file.zip, Batch ID: 
2025-04-29 15:10:00,781 - INFO - Extracted 4 files from 8173ffile.zip, Batch ID: 
2025-04-29 15:10:01,231 - INFO - Extracted 4 files from c035ffile.zip, Batch ID: 
2025-04-29 15:10:01,695 - INFO - Extracted 4 files from 94c64file.zip, Batch ID: 
2025-04-29 15:10:02,148 - INFO - Extracted 4 files from 33d98file.zip, Batch ID: 
2025-04-29 15:10:02,611 - INFO - Extracted 4 files from 7c819file.zip, Batch ID: 
2025-04-29 15:10:03,064 - INFO - Extracted 4 files from 5e3bafile.zip, Batch ID: 
2025-04-29 15:10:03,538 - INFO - Extracted 4 files from b17e8file.zip, Batch ID: 
2025-04-29 15:10:04,106 - INFO - Extracted 4 files from c33c6file.zip, Batch ID: 
2025-04-29 15:10:04,134 - INFO - Extracted 4 files from 888e4file.zip, Batch ID: 
2025-04-29 15:10:04,176 - INFO - Extracted 4 files from ec25bfile.zip, Batch ID: 
2025-04-29 15:10:04,202 - INFO - Extracted 4 files from 5dd91file.zip, Batch ID: 
2025-04-29 15:10:04,220 - INFO - Extracted 4 files from 9e78efile.zip, Batch ID: 
2025-04-29 15:10:04,236 - INFO - Extracted 4 files from a4e40file.zip, Batch ID: 
2025-04-29 15:10:04,254 - INFO - Extracted 4 files from 95ed2file.zip, Batch ID: 
2025-04-29 15:10:04,271 - INFO - Extracted 4 files from 3beaffile.zip, Batch ID: 
2025-04-29 15:10:04,287 - INFO - Extracted 4 files from 6c8c7file.zip, Batch ID: 
2025-04-29 15:10:04,305 - INFO - Extracted 4 files from 0b64ffile.zip, Batch ID: 
2025-04-29 15:10:04,355 - INFO - Extracted 4 files from 15a13file.zip, Batch ID: 
2025-04-29 15:10:04,377 - INFO - Extracted 4 files from 76e62file.zip, Batch ID: 
2025-04-29 15:21:03,335 - INFO - Extracted 4 files from 0b70ffile.zip, Batch ID: 
2025-04-29 15:21:04,281 - INFO - Extracted 4 files from a9105file.zip, Batch ID: 
2025-04-29 15:21:04,809 - INFO - Extracted 4 files from b7aa3file.zip, Batch ID: 
2025-04-29 15:21:05,324 - INFO - Extracted 4 files from 6844efile.zip, Batch ID: 
2025-04-29 15:21:05,904 - INFO - Extracted 4 files from 40294file.zip, Batch ID: 
2025-04-29 15:21:06,460 - INFO - Extracted 4 files from 17acefile.zip, Batch ID: 
2025-04-29 15:21:06,969 - INFO - Extracted 4 files from a11affile.zip, Batch ID: 
2025-04-29 15:21:07,433 - INFO - Extracted 4 files from 500f0file.zip, Batch ID: 
2025-04-29 15:21:07,907 - INFO - Extracted 4 files from 5ea3ffile.zip, Batch ID: 
2025-04-29 15:21:08,375 - INFO - Extracted 4 files from e46c7file.zip, Batch ID: 
2025-04-29 15:21:08,840 - INFO - Extracted 4 files from 60b48file.zip, Batch ID: 
2025-04-29 15:21:09,301 - INFO - Extracted 4 files from b0c37file.zip, Batch ID: 
2025-04-29 15:21:09,765 - INFO - Extracted 4 files from a4685file.zip, Batch ID: 
2025-04-29 15:21:10,218 - INFO - Extracted 4 files from b94bafile.zip, Batch ID: 
2025-04-29 15:21:10,668 - INFO - Extracted 4 files from 380d2file.zip, Batch ID: 
2025-04-29 15:21:11,155 - INFO - Extracted 4 files from 12f21file.zip, Batch ID: 
2025-04-29 15:21:11,605 - INFO - Extracted 4 files from 4378ffile.zip, Batch ID: 
2025-04-29 15:21:12,068 - INFO - Extracted 4 files from 15e4efile.zip, Batch ID: 
2025-04-29 15:21:12,555 - INFO - Extracted 4 files from 8f257file.zip, Batch ID: 
2025-04-29 15:21:13,020 - INFO - Extracted 4 files from e9d3efile.zip, Batch ID: 
2025-04-29 15:21:13,504 - INFO - Extracted 4 files from 58370file.zip, Batch ID: 
2025-04-29 15:21:13,970 - INFO - Extracted 4 files from c0fb0file.zip, Batch ID: 
2025-04-29 15:21:14,420 - INFO - Extracted 4 files from e9824file.zip, Batch ID: 
2025-04-29 15:21:14,949 - INFO - Extracted 4 files from edaaefile.zip, Batch ID: 
2025-04-29 15:21:15,425 - INFO - Extracted 4 files from 8e875file.zip, Batch ID: 
2025-04-29 15:21:15,888 - INFO - Extracted 4 files from 0034afile.zip, Batch ID: 
2025-04-29 15:21:16,349 - INFO - Extracted 4 files from e3802file.zip, Batch ID: 
2025-04-29 15:21:16,883 - INFO - Extracted 4 files from 737bdfile.zip, Batch ID: 
2025-04-29 15:21:17,360 - INFO - Extracted 4 files from f4d56file.zip, Batch ID: 
2025-04-29 15:21:17,824 - INFO - Extracted 4 files from d6f69file.zip, Batch ID: 
2025-04-29 15:21:18,384 - INFO - Extracted 4 files from 0bc0ffile.zip, Batch ID: 
2025-04-29 15:21:18,908 - INFO - Extracted 4 files from a639afile.zip, Batch ID: 
2025-04-29 15:21:19,419 - INFO - Extracted 4 files from 57ce2file.zip, Batch ID: 
2025-04-29 15:21:19,887 - INFO - Extracted 4 files from 4c3cefile.zip, Batch ID: 
2025-04-29 15:21:20,352 - INFO - Extracted 4 files from cba47file.zip, Batch ID: 
2025-04-29 15:21:20,859 - INFO - Extracted 4 files from 01586file.zip, Batch ID: 
2025-04-29 15:21:21,321 - INFO - Extracted 4 files from 3fdf7file.zip, Batch ID: 
2025-04-29 15:21:21,850 - INFO - Extracted 4 files from c0b6cfile.zip, Batch ID: 
2025-04-29 15:21:22,335 - INFO - Extracted 4 files from 92d54file.zip, Batch ID: 
2025-04-29 15:21:22,807 - INFO - Extracted 4 files from 6b0b8file.zip, Batch ID: 
2025-04-29 15:21:23,267 - INFO - Extracted 4 files from 1c2d7file.zip, Batch ID: 
2025-04-29 15:21:23,741 - INFO - Extracted 4 files from f5323file.zip, Batch ID: 
2025-04-29 15:21:24,200 - INFO - Extracted 4 files from db4f4file.zip, Batch ID: 
2025-04-29 15:21:24,647 - INFO - Extracted 4 files from c7fecfile.zip, Batch ID: 
2025-04-29 15:21:25,098 - INFO - Extracted 4 files from cb9ecfile.zip, Batch ID: 
2025-04-29 15:21:25,542 - INFO - Extracted 4 files from 6af63file.zip, Batch ID: 
2025-04-29 15:21:26,003 - INFO - Extracted 4 files from ae56efile.zip, Batch ID: 
2025-04-29 15:21:26,450 - INFO - Extracted 4 files from a6280file.zip, Batch ID: 
2025-04-29 15:21:26,910 - INFO - Extracted 4 files from 62f78file.zip, Batch ID: 
2025-04-29 15:21:27,364 - INFO - Extracted 4 files from 52dbffile.zip, Batch ID: 
2025-04-29 15:21:27,856 - INFO - Extracted 4 files from bc316file.zip, Batch ID: 
2025-04-29 15:21:28,323 - INFO - Extracted 4 files from 90b7dfile.zip, Batch ID: 
2025-04-29 15:21:28,868 - INFO - Extracted 4 files from 2d31efile.zip, Batch ID: 
2025-04-29 15:21:29,392 - INFO - Extracted 4 files from 4a73ffile.zip, Batch ID: 
2025-04-29 15:21:29,918 - INFO - Extracted 4 files from 0b819file.zip, Batch ID: 
2025-04-29 15:21:30,409 - INFO - Extracted 4 files from cbe60file.zip, Batch ID: 
2025-04-29 15:21:30,912 - INFO - Extracted 4 files from 83029file.zip, Batch ID: 
2025-04-29 15:21:31,382 - INFO - Extracted 4 files from 11148file.zip, Batch ID: 
2025-04-29 15:21:31,872 - INFO - Extracted 4 files from ec572file.zip, Batch ID: 
2025-04-29 15:21:32,336 - INFO - Extracted 4 files from ed54bfile.zip, Batch ID: 
2025-04-29 15:21:32,792 - INFO - Extracted 4 files from f14a3file.zip, Batch ID: 
2025-04-29 15:21:33,239 - INFO - Extracted 4 files from 6f469file.zip, Batch ID: 
2025-04-29 15:21:33,693 - INFO - Extracted 4 files from dfa96file.zip, Batch ID: 
2025-04-29 15:21:34,142 - INFO - Extracted 4 files from c57f1file.zip, Batch ID: 
2025-04-29 15:21:34,593 - INFO - Extracted 4 files from 6ee51file.zip, Batch ID: 
2025-04-29 15:21:35,041 - INFO - Extracted 4 files from a9616file.zip, Batch ID: 
2025-04-29 15:21:35,494 - INFO - Extracted 4 files from 92a1bfile.zip, Batch ID: 
2025-04-29 15:21:35,965 - INFO - Extracted 4 files from 88431file.zip, Batch ID: 
2025-04-29 15:21:36,427 - INFO - Extracted 4 files from baab4file.zip, Batch ID: 
2025-04-29 15:21:36,946 - INFO - Extracted 4 files from 50cd6file.zip, Batch ID: 
2025-04-29 15:21:37,450 - INFO - Extracted 4 files from 25598file.zip, Batch ID: 
2025-04-29 15:21:37,946 - INFO - Extracted 4 files from 0b38dfile.zip, Batch ID: 
2025-04-29 15:21:38,453 - INFO - Extracted 4 files from db428file.zip, Batch ID: 
2025-04-29 15:21:38,918 - INFO - Extracted 4 files from 053fdfile.zip, Batch ID: 
2025-04-29 15:21:39,460 - INFO - Extracted 4 files from 621ddfile.zip, Batch ID: 
2025-04-29 15:21:39,988 - INFO - Extracted 4 files from 56951file.zip, Batch ID: 
2025-04-29 15:21:40,465 - INFO - Extracted 4 files from d7402file.zip, Batch ID: 
2025-04-29 15:21:40,915 - INFO - Extracted 4 files from 7b074file.zip, Batch ID: 
2025-04-29 15:21:41,369 - INFO - Extracted 4 files from 394f1file.zip, Batch ID: 
2025-04-29 15:21:41,824 - INFO - Extracted 4 files from 16e32file.zip, Batch ID: 
2025-04-29 15:21:42,292 - INFO - Extracted 4 files from d0ee5file.zip, Batch ID: 
2025-04-29 15:21:42,766 - INFO - Extracted 4 files from 69d46file.zip, Batch ID: 
2025-04-29 15:21:43,218 - INFO - Extracted 4 files from 3a6e3file.zip, Batch ID: 
2025-04-29 15:21:43,672 - INFO - Extracted 4 files from 3d9b1file.zip, Batch ID: 
2025-04-29 15:21:44,121 - INFO - Extracted 4 files from c961dfile.zip, Batch ID: 
2025-04-29 15:21:44,583 - INFO - Extracted 4 files from f0c27file.zip, Batch ID: 
2025-04-29 15:21:44,605 - INFO - Extracted 4 files from 2a8defile.zip, Batch ID: 
2025-04-29 15:21:44,623 - INFO - Extracted 4 files from 70733file.zip, Batch ID: 
2025-04-29 15:21:44,643 - INFO - Extracted 4 files from d007cfile.zip, Batch ID: 
2025-04-29 15:21:44,658 - INFO - Extracted 4 files from bf3bdfile.zip, Batch ID: 
2025-04-29 15:21:44,673 - INFO - Extracted 4 files from 3accffile.zip, Batch ID: 
2025-04-29 15:21:44,689 - INFO - Extracted 4 files from 9b5d3file.zip, Batch ID: 
2025-04-29 15:21:44,707 - INFO - Extracted 4 files from ec26efile.zip, Batch ID: 
2025-04-29 15:21:44,723 - INFO - Extracted 4 files from 31294file.zip, Batch ID: 
2025-04-29 15:21:44,740 - INFO - Extracted 4 files from d3bfefile.zip, Batch ID: 
2025-04-29 15:21:44,844 - INFO - Extracted 4 files from 4ec0ffile.zip, Batch ID: 
2025-04-29 15:21:44,864 - INFO - Extracted 4 files from 0c168file.zip, Batch ID: 
2025-04-29 16:22:53,285 - INFO - Extracted 4 files from 94410file.zip, Batch ID: 
2025-04-29 16:22:53,304 - INFO - Extracted 4 files from 75ce8file.zip, Batch ID: 
2025-04-29 16:22:53,525 - INFO - Extracted 4 files from 67098file.zip, Batch ID: 
2025-04-29 16:22:53,543 - INFO - Extracted 4 files from b765efile.zip, Batch ID: 
2025-04-29 16:24:06,883 - INFO - Extracted 4 files from e1e7cfile.zip, Batch ID: 
2025-04-29 16:24:06,898 - INFO - Extracted 4 files from 0f5fdfile.zip, Batch ID: 
2025-04-29 16:24:07,139 - INFO - Extracted 4 files from 7539afile.zip, Batch ID: 
2025-04-29 16:24:07,155 - INFO - Extracted 4 files from 82f71file.zip, Batch ID: 
2025-04-29 16:25:36,830 - INFO - Extracted 4 files from b2d20file.zip, Batch ID: 
2025-04-29 16:25:36,845 - INFO - Extracted 4 files from bfca6file.zip, Batch ID: 
2025-04-29 16:25:37,084 - INFO - Extracted 4 files from 10576file.zip, Batch ID: 
2025-04-29 16:25:37,101 - INFO - Extracted 4 files from 9e9affile.zip, Batch ID: 
2025-04-29 17:19:11,194 - INFO - Extracted 4 files from 26267file.zip, Batch ID: 
2025-04-29 17:19:11,215 - INFO - Extracted 4 files from 3a08ffile.zip, Batch ID: 
2025-04-29 17:19:11,448 - INFO - Extracted 4 files from c618afile.zip, Batch ID: 
2025-04-29 17:19:11,464 - INFO - Extracted 4 files from 76b4bfile.zip, Batch ID: 
2025-04-29 17:20:16,432 - INFO - Extracted 4 files from a132efile.zip, Batch ID: 
2025-04-29 17:20:16,450 - INFO - Extracted 4 files from 8d915file.zip, Batch ID: 
2025-04-29 17:20:16,470 - INFO - Extracted 4 files from 52f13file.zip, Batch ID: 
2025-04-29 17:20:16,493 - INFO - Extracted 4 files from 75330file.zip, Batch ID: 
2025-04-29 17:20:16,512 - INFO - Extracted 4 files from b4686file.zip, Batch ID: 
2025-04-29 17:20:16,693 - INFO - Extracted 4 files from 4cdadfile.zip, Batch ID: 
2025-04-29 17:20:16,710 - INFO - Extracted 4 files from 35ef3file.zip, Batch ID: 
2025-04-29 17:27:38,583 - INFO - Extracted 4 files from 74efbfile.zip, Batch ID: 
2025-04-29 17:27:38,601 - INFO - Extracted 4 files from f81cdfile.zip, Batch ID: 
2025-04-29 17:27:38,621 - INFO - Extracted 4 files from ccfaafile.zip, Batch ID: 
2025-04-29 17:27:38,644 - INFO - Extracted 4 files from 7ff39file.zip, Batch ID: 
2025-04-29 17:27:38,661 - INFO - Extracted 4 files from a70abfile.zip, Batch ID: 
2025-04-29 17:27:38,847 - INFO - Extracted 4 files from e1243file.zip, Batch ID: 
2025-04-29 17:27:38,863 - INFO - Extracted 4 files from f4e5ffile.zip, Batch ID: 
2025-04-29 17:39:19,296 - INFO - Extracted 1 files from sample.zip, Batch ID: 
2025-04-29 17:39:39,046 - INFO - Extracted 1 files from sample.zip, Batch ID: 
2025-04-29 17:39:39,501 - INFO - Extracted 1 files from sample.zip, Batch ID: 
2025-04-29 17:39:40,124 - INFO - Extracted 1 files from sample.zip, Batch ID: 
2025-04-29 17:39:40,856 - INFO - Extracted 1 files from sample.zip, Batch ID: 
2025-04-29 17:40:24,960 - INFO - Extracted 1 files from sample.zip, Batch ID: 
2025-04-29 17:40:42,389 - INFO - Extracted 1 files from sample.zip, Batch ID: 
2025-04-29 17:41:26,184 - INFO - Extracted 1 files from sample.zip, Batch ID: 
2025-04-29 17:41:31,831 - INFO - Extracted 1 files from sample.zip, Batch ID: 
2025-04-29 17:42:16,108 - INFO - Extracted 4 files from bac4afile.zip, Batch ID: 
2025-04-29 17:42:17,035 - INFO - Extracted 4 files from 89aabfile.zip, Batch ID: 
2025-04-29 17:42:17,600 - INFO - Extracted 4 files from bb582file.zip, Batch ID: 
2025-04-29 17:42:18,136 - INFO - Extracted 4 files from 1777afile.zip, Batch ID: 
2025-04-29 17:42:18,725 - INFO - Extracted 4 files from 65a1efile.zip, Batch ID: 
2025-04-29 17:42:19,252 - INFO - Extracted 4 files from 339a6file.zip, Batch ID: 
2025-04-29 17:42:19,733 - INFO - Extracted 4 files from d909afile.zip, Batch ID: 
2025-04-29 17:42:20,205 - INFO - Extracted 4 files from 3551afile.zip, Batch ID: 
2025-04-29 17:42:20,675 - INFO - Extracted 4 files from 744a1file.zip, Batch ID: 
2025-04-29 17:42:21,137 - INFO - Extracted 4 files from 27641file.zip, Batch ID: 
2025-04-29 17:42:21,599 - INFO - Extracted 4 files from 18455file.zip, Batch ID: 
2025-04-29 17:42:22,057 - INFO - Extracted 4 files from 2f33bfile.zip, Batch ID: 
2025-04-29 17:42:22,519 - INFO - Extracted 4 files from 0e0b1file.zip, Batch ID: 
2025-04-29 17:42:22,975 - INFO - Extracted 4 files from 6354cfile.zip, Batch ID: 
2025-04-29 17:42:23,441 - INFO - Extracted 4 files from 54c66file.zip, Batch ID: 
2025-04-29 17:42:23,902 - INFO - Extracted 4 files from 88488file.zip, Batch ID: 
2025-04-29 17:42:24,361 - INFO - Extracted 4 files from 8fbd1file.zip, Batch ID: 
2025-04-29 17:42:24,826 - INFO - Extracted 4 files from c63e7file.zip, Batch ID: 
2025-04-29 17:42:25,309 - INFO - Extracted 4 files from fd456file.zip, Batch ID: 
2025-04-29 17:42:25,771 - INFO - Extracted 4 files from 36919file.zip, Batch ID: 
2025-04-29 17:42:26,251 - INFO - Extracted 4 files from c0e34file.zip, Batch ID: 
2025-04-29 17:42:26,715 - INFO - Extracted 4 files from 89bf4file.zip, Batch ID: 
2025-04-29 17:42:27,199 - INFO - Extracted 4 files from fe3f3file.zip, Batch ID: 
2025-04-29 17:42:27,701 - INFO - Extracted 4 files from ab0f6file.zip, Batch ID: 
2025-04-29 17:42:28,185 - INFO - Extracted 4 files from 10369file.zip, Batch ID: 
2025-04-29 17:42:28,664 - INFO - Extracted 4 files from 9961efile.zip, Batch ID: 
2025-04-29 17:42:29,126 - INFO - Extracted 4 files from fb5a8file.zip, Batch ID: 
2025-04-29 17:42:29,607 - INFO - Extracted 4 files from 6514afile.zip, Batch ID: 
2025-04-29 17:42:30,066 - INFO - Extracted 4 files from 1f7a2file.zip, Batch ID: 
2025-04-29 17:42:30,527 - INFO - Extracted 4 files from e5742file.zip, Batch ID: 
2025-04-29 17:42:31,124 - INFO - Extracted 4 files from c2c8afile.zip, Batch ID: 
2025-04-29 17:42:31,752 - INFO - Extracted 4 files from 932c6file.zip, Batch ID: 
2025-04-29 17:42:32,267 - INFO - Extracted 4 files from 6cdebfile.zip, Batch ID: 
2025-04-29 17:42:32,744 - INFO - Extracted 4 files from afe87file.zip, Batch ID: 
2025-04-29 17:42:33,260 - INFO - Extracted 4 files from 34bbdfile.zip, Batch ID: 
2025-04-29 17:42:33,774 - INFO - Extracted 4 files from 146d7file.zip, Batch ID: 
2025-04-29 17:42:34,273 - INFO - Extracted 4 files from 984d1file.zip, Batch ID: 
2025-04-29 17:42:34,803 - INFO - Extracted 4 files from ab43cfile.zip, Batch ID: 
2025-04-29 17:42:35,302 - INFO - Extracted 4 files from 607c8file.zip, Batch ID: 
2025-04-29 17:42:35,765 - INFO - Extracted 4 files from 3030ffile.zip, Batch ID: 
2025-04-29 17:42:36,225 - INFO - Extracted 4 files from acd66file.zip, Batch ID: 
2025-04-29 17:42:36,712 - INFO - Extracted 4 files from 3e855file.zip, Batch ID: 
2025-04-29 17:42:37,177 - INFO - Extracted 4 files from 19c86file.zip, Batch ID: 
2025-04-29 17:42:37,631 - INFO - Extracted 4 files from 69691file.zip, Batch ID: 
2025-04-29 17:42:38,089 - INFO - Extracted 4 files from 69283file.zip, Batch ID: 
2025-04-29 17:42:38,543 - INFO - Extracted 4 files from 246ccfile.zip, Batch ID: 
2025-04-29 17:42:39,035 - INFO - Extracted 4 files from fbb94file.zip, Batch ID: 
2025-04-29 17:42:39,490 - INFO - Extracted 4 files from 9c847file.zip, Batch ID: 
2025-04-29 17:42:39,952 - INFO - Extracted 4 files from 0ace5file.zip, Batch ID: 
2025-04-29 17:42:40,427 - INFO - Extracted 4 files from 79c3dfile.zip, Batch ID: 
2025-04-29 17:42:40,898 - INFO - Extracted 4 files from 028e6file.zip, Batch ID: 
2025-04-29 17:42:41,377 - INFO - Extracted 4 files from f7edafile.zip, Batch ID: 
2025-04-29 17:42:42,014 - INFO - Extracted 4 files from ef6e7file.zip, Batch ID: 
2025-04-29 17:42:42,579 - INFO - Extracted 4 files from 26bdefile.zip, Batch ID: 
2025-04-29 17:42:43,129 - INFO - Extracted 4 files from b09bafile.zip, Batch ID: 
2025-04-29 17:42:43,648 - INFO - Extracted 4 files from 1324dfile.zip, Batch ID: 
2025-04-29 17:42:44,120 - INFO - Extracted 4 files from 9f90afile.zip, Batch ID: 
2025-04-29 17:42:44,575 - INFO - Extracted 4 files from cfe78file.zip, Batch ID: 
2025-04-29 17:42:45,032 - INFO - Extracted 4 files from b29fbfile.zip, Batch ID: 
2025-04-29 17:42:45,516 - INFO - Extracted 4 files from 30724file.zip, Batch ID: 
2025-04-29 17:42:45,965 - INFO - Extracted 4 files from 241c2file.zip, Batch ID: 
2025-04-29 17:42:46,414 - INFO - Extracted 4 files from b194afile.zip, Batch ID: 
2025-04-29 17:42:46,877 - INFO - Extracted 4 files from 5ad21file.zip, Batch ID: 
2025-04-29 17:42:47,351 - INFO - Extracted 4 files from 0b59afile.zip, Batch ID: 
2025-04-29 17:42:47,782 - INFO - Extracted 4 files from 1dc84file.zip, Batch ID: 
2025-04-29 17:42:48,236 - INFO - Extracted 4 files from fbae3file.zip, Batch ID: 
2025-04-29 17:42:48,692 - INFO - Extracted 4 files from 9b7a3file.zip, Batch ID: 
2025-04-29 17:42:49,181 - INFO - Extracted 4 files from 5b07bfile.zip, Batch ID: 
2025-04-29 17:42:49,700 - INFO - Extracted 4 files from 8a71ffile.zip, Batch ID: 
2025-04-29 17:42:50,270 - INFO - Extracted 4 files from f0519file.zip, Batch ID: 
2025-04-29 17:42:50,875 - INFO - Extracted 4 files from 470b2file.zip, Batch ID: 
2025-04-29 17:42:51,463 - INFO - Extracted 4 files from af440file.zip, Batch ID: 
2025-04-29 17:42:51,982 - INFO - Extracted 4 files from 8d18dfile.zip, Batch ID: 
2025-04-29 17:42:52,447 - INFO - Extracted 4 files from f0a46file.zip, Batch ID: 
2025-04-29 17:42:52,911 - INFO - Extracted 4 files from 18026file.zip, Batch ID: 
2025-04-29 17:42:53,365 - INFO - Extracted 4 files from 2c7a5file.zip, Batch ID: 
2025-04-29 17:42:53,814 - INFO - Extracted 4 files from b4838file.zip, Batch ID: 
2025-04-29 17:42:54,266 - INFO - Extracted 4 files from 8ff22file.zip, Batch ID: 
2025-04-29 17:42:54,718 - INFO - Extracted 4 files from 01d67file.zip, Batch ID: 
2025-04-29 17:42:55,169 - INFO - Extracted 4 files from 48438file.zip, Batch ID: 
2025-04-29 17:42:55,619 - INFO - Extracted 4 files from ce3a7file.zip, Batch ID: 
2025-04-29 17:42:56,071 - INFO - Extracted 4 files from 682d4file.zip, Batch ID: 
2025-04-29 17:42:56,522 - INFO - Extracted 4 files from ee532file.zip, Batch ID: 
2025-04-29 17:42:56,975 - INFO - Extracted 4 files from bc6affile.zip, Batch ID: 
2025-04-29 17:42:57,436 - INFO - Extracted 4 files from d33c5file.zip, Batch ID: 
2025-04-29 17:42:57,926 - INFO - Extracted 4 files from da494file.zip, Batch ID: 
2025-04-29 17:42:57,948 - INFO - Extracted 4 files from ff41dfile.zip, Batch ID: 
2025-04-29 17:42:57,970 - INFO - Extracted 4 files from b4584file.zip, Batch ID: 
2025-04-29 17:42:57,987 - INFO - Extracted 4 files from 1d776file.zip, Batch ID: 
2025-04-29 17:42:58,004 - INFO - Extracted 4 files from d5496file.zip, Batch ID: 
2025-04-29 17:42:58,021 - INFO - Extracted 4 files from d50bffile.zip, Batch ID: 
2025-04-29 17:42:58,039 - INFO - Extracted 4 files from b835cfile.zip, Batch ID: 
2025-04-29 17:42:58,055 - INFO - Extracted 4 files from 986aefile.zip, Batch ID: 
2025-04-29 17:42:58,075 - INFO - Extracted 4 files from 19923file.zip, Batch ID: 
2025-04-29 17:42:58,092 - INFO - Extracted 4 files from 883fffile.zip, Batch ID: 
2025-04-29 17:42:58,186 - INFO - Extracted 4 files from bc384file.zip, Batch ID: 
2025-04-29 17:42:58,205 - INFO - Extracted 4 files from d22fafile.zip, Batch ID: 
2025-04-29 18:02:49,717 - INFO - Extracted 4 files from 0853ffile.zip, Batch ID: 
2025-04-29 18:02:50,626 - INFO - Extracted 4 files from 58775file.zip, Batch ID: 
2025-04-29 18:02:51,170 - INFO - Extracted 4 files from 08d2cfile.zip, Batch ID: 
2025-04-29 18:02:51,695 - INFO - Extracted 4 files from cca11file.zip, Batch ID: 
2025-04-29 18:02:52,262 - INFO - Extracted 4 files from 24a30file.zip, Batch ID: 
2025-04-29 18:02:52,817 - INFO - Extracted 4 files from 367c4file.zip, Batch ID: 
2025-04-29 18:02:52,844 - INFO - Extracted 4 files from 604bdfile.zip, Batch ID: 
2025-04-29 18:02:52,866 - INFO - Extracted 4 files from 705e4file.zip, Batch ID: 
2025-04-29 18:02:52,883 - INFO - Extracted 4 files from 4f69afile.zip, Batch ID: 
2025-04-29 18:02:52,902 - INFO - Extracted 4 files from 03cbefile.zip, Batch ID: 
2025-04-29 18:02:52,918 - INFO - Extracted 4 files from 0d0c7file.zip, Batch ID: 
2025-04-29 18:02:52,935 - INFO - Extracted 4 files from 61c57file.zip, Batch ID: 
2025-04-29 18:02:52,952 - INFO - Extracted 4 files from f9da7file.zip, Batch ID: 
2025-04-29 18:02:52,968 - INFO - Extracted 4 files from 1098afile.zip, Batch ID: 
2025-04-29 18:02:52,993 - INFO - Extracted 4 files from 623bbfile.zip, Batch ID: 
2025-04-29 18:02:53,076 - INFO - Extracted 4 files from 44b2dfile.zip, Batch ID: 
2025-04-29 18:02:53,108 - INFO - Extracted 4 files from 21a32file.zip, Batch ID: 
2025-04-29 18:06:19,443 - INFO - Extracted 4 files from 1fa2bfile.zip, Batch ID: 
2025-04-29 18:06:20,391 - INFO - Extracted 4 files from 0e2f3file.zip, Batch ID: 
2025-04-29 18:06:20,985 - INFO - Extracted 4 files from 74fc0file.zip, Batch ID: 
2025-04-29 18:06:21,011 - INFO - Extracted 4 files from 26a14file.zip, Batch ID: 
2025-04-29 18:06:22,053 - INFO - Extracted 4 files from c0335file.zip, Batch ID: 
2025-04-29 18:06:22,608 - INFO - Extracted 4 files from 8286cfile.zip, Batch ID: 
2025-04-29 18:06:22,629 - INFO - Extracted 4 files from 9359ffile.zip, Batch ID: 
2025-04-29 18:06:22,650 - INFO - Extracted 4 files from 19af8file.zip, Batch ID: 
2025-04-29 18:06:22,666 - INFO - Extracted 4 files from d21c1file.zip, Batch ID: 
2025-04-29 18:06:22,683 - INFO - Extracted 4 files from 5160bfile.zip, Batch ID: 
2025-04-29 18:06:22,699 - INFO - Extracted 4 files from e0282file.zip, Batch ID: 
2025-04-29 18:06:22,735 - INFO - Extracted 4 files from f1e2bfile.zip, Batch ID: 
2025-04-29 18:06:22,763 - INFO - Extracted 4 files from a75f8file.zip, Batch ID: 
2025-04-29 18:06:22,787 - INFO - Extracted 4 files from 58f43file.zip, Batch ID: 
2025-04-29 18:06:22,809 - INFO - Extracted 4 files from 2e00dfile.zip, Batch ID: 
2025-04-29 18:06:22,862 - INFO - Extracted 4 files from 75db2file.zip, Batch ID: 
2025-04-29 18:06:22,882 - INFO - Extracted 4 files from 6ef66file.zip, Batch ID: 
2025-04-29 18:11:49,768 - INFO - Extracted 4 files from 05b44file.zip, Batch ID: 
2025-04-29 18:11:50,750 - INFO - Extracted 4 files from 484cefile.zip, Batch ID: 
2025-04-29 18:11:51,372 - INFO - Extracted 4 files from e2ee6file.zip, Batch ID: 
2025-04-29 18:11:51,863 - INFO - Extracted 4 files from e6e59file.zip, Batch ID: 
2025-04-29 18:11:52,425 - INFO - Extracted 4 files from ac762file.zip, Batch ID: 
2025-04-29 18:11:52,935 - INFO - Extracted 4 files from 7043bfile.zip, Batch ID: 
2025-04-29 18:11:52,954 - INFO - Extracted 4 files from 42e6ffile.zip, Batch ID: 
2025-04-29 18:11:52,983 - INFO - Extracted 4 files from cf96bfile.zip, Batch ID: 
2025-04-29 18:11:53,000 - INFO - Extracted 4 files from 15eeffile.zip, Batch ID: 
2025-04-29 18:11:53,018 - INFO - Extracted 4 files from 0cc6efile.zip, Batch ID: 
2025-04-29 18:11:53,035 - INFO - Extracted 4 files from 84ca6file.zip, Batch ID: 
2025-04-29 18:11:53,052 - INFO - Extracted 4 files from 999d1file.zip, Batch ID: 
2025-04-29 18:11:53,068 - INFO - Extracted 4 files from d9393file.zip, Batch ID: 
2025-04-29 18:11:53,088 - INFO - Extracted 4 files from 89331file.zip, Batch ID: 
2025-04-29 18:11:53,112 - INFO - Extracted 4 files from 1c9dcfile.zip, Batch ID: 
2025-04-29 18:11:53,188 - INFO - Extracted 4 files from 51eeffile.zip, Batch ID: 
2025-04-29 18:11:53,206 - INFO - Extracted 4 files from 2990ffile.zip, Batch ID: 
2025-04-29 18:12:30,170 - INFO - Extracted 4 files from fd6bdfile.zip, Batch ID: 
2025-04-29 18:12:31,077 - INFO - Extracted 4 files from a3f15file.zip, Batch ID: 
2025-04-29 18:12:31,528 - INFO - Extracted 4 files from 4f159file.zip, Batch ID: 
2025-04-29 18:12:31,549 - INFO - Extracted 4 files from 27c9efile.zip, Batch ID: 
2025-04-29 18:12:32,482 - INFO - Extracted 4 files from 02511file.zip, Batch ID: 
2025-04-29 18:12:33,008 - INFO - Extracted 4 files from 3df21file.zip, Batch ID: 
2025-04-29 18:12:33,035 - INFO - Extracted 4 files from c5da0file.zip, Batch ID: 
2025-04-29 18:12:33,061 - INFO - Extracted 4 files from de8bbfile.zip, Batch ID: 
2025-04-29 18:12:33,085 - INFO - Extracted 4 files from c1e54file.zip, Batch ID: 
2025-04-29 18:12:33,107 - INFO - Extracted 4 files from 97ba9file.zip, Batch ID: 
2025-04-29 18:12:33,130 - INFO - Extracted 4 files from 41372file.zip, Batch ID: 
2025-04-29 18:12:33,150 - INFO - Extracted 4 files from 4cfc7file.zip, Batch ID: 
2025-04-29 18:12:33,172 - INFO - Extracted 4 files from 06133file.zip, Batch ID: 
2025-04-29 18:12:33,194 - INFO - Extracted 4 files from 1d459file.zip, Batch ID: 
2025-04-29 18:12:33,219 - INFO - Extracted 4 files from f3793file.zip, Batch ID: 
2025-04-29 18:12:33,262 - INFO - Extracted 4 files from 5e931file.zip, Batch ID: 
2025-04-29 18:12:33,287 - INFO - Extracted 4 files from 290f4file.zip, Batch ID: 
2025-04-29 18:12:56,880 - INFO - Extracted 4 files from 4c454file.zip, Batch ID: 
2025-04-29 18:12:57,809 - INFO - Extracted 4 files from 87768file.zip, Batch ID: 
2025-04-29 18:12:58,293 - INFO - Extracted 4 files from a0c4cfile.zip, Batch ID: 
2025-04-29 18:12:58,315 - INFO - Extracted 4 files from 47799file.zip, Batch ID: 
2025-04-29 18:12:59,340 - INFO - Extracted 4 files from 54c66file.zip, Batch ID: 
2025-04-29 18:12:59,990 - INFO - Extracted 4 files from e179ffile.zip, Batch ID: 
2025-04-29 18:13:00,018 - INFO - Extracted 4 files from 9c74afile.zip, Batch ID: 
2025-04-29 18:13:00,043 - INFO - Extracted 4 files from e3d1ffile.zip, Batch ID: 
2025-04-29 18:13:00,061 - INFO - Extracted 4 files from 83f14file.zip, Batch ID: 
2025-04-29 18:13:00,080 - INFO - Extracted 4 files from 5f7c4file.zip, Batch ID: 
2025-04-29 18:13:00,097 - INFO - Extracted 4 files from 52d9efile.zip, Batch ID: 
2025-04-29 18:13:00,115 - INFO - Extracted 4 files from 40040file.zip, Batch ID: 
2025-04-29 18:13:00,136 - INFO - Extracted 4 files from 4deb4file.zip, Batch ID: 
2025-04-29 18:13:00,156 - INFO - Extracted 4 files from 78293file.zip, Batch ID: 
2025-04-29 18:13:00,178 - INFO - Extracted 4 files from cebeafile.zip, Batch ID: 
2025-04-29 18:13:00,260 - INFO - Extracted 4 files from e0595file.zip, Batch ID: 
2025-04-29 18:13:00,285 - INFO - Extracted 4 files from 7c144file.zip, Batch ID: 
2025-04-29 18:14:03,016 - INFO - Extracted 1 files from resume-sample.zip, Batch ID: 
2025-04-29 18:16:23,520 - INFO - Extracted 1 files from resume-sample.zip, Batch ID: 
2025-04-29 18:18:12,291 - INFO - Extracted 1 files from resume-sample.zip, Batch ID: 
2025-04-29 18:18:50,507 - INFO - Extracted 1 files from resume-sample.zip, Batch ID: 
2025-04-29 18:19:03,243 - INFO - Extracted 1 files from resume-sample.zip, Batch ID: 
2025-04-29 18:20:20,091 - INFO - Extracted 1 files from resume-sample.zip, Batch ID: 
2025-04-29 18:20:40,065 - INFO - Extracted 4 files from 81c6bfile.zip, Batch ID: 
2025-04-29 18:20:41,041 - INFO - Extracted 4 files from 5bf7bfile.zip, Batch ID: 
2025-04-29 18:20:41,673 - INFO - Extracted 4 files from b0a79file.zip, Batch ID: 
2025-04-29 18:20:41,695 - INFO - Extracted 4 files from 0a46ffile.zip, Batch ID: 
2025-04-29 18:20:42,947 - INFO - Extracted 4 files from 74239file.zip, Batch ID: 
2025-04-29 18:20:43,513 - INFO - Extracted 4 files from ccb29file.zip, Batch ID: 
2025-04-29 18:20:43,535 - INFO - Extracted 4 files from ac5a1file.zip, Batch ID: 
2025-04-29 18:20:43,561 - INFO - Extracted 4 files from 81d95file.zip, Batch ID: 
2025-04-29 18:20:43,578 - INFO - Extracted 4 files from 7c4d6file.zip, Batch ID: 
2025-04-29 18:20:43,596 - INFO - Extracted 4 files from c3da8file.zip, Batch ID: 
2025-04-29 18:20:43,612 - INFO - Extracted 4 files from e95e0file.zip, Batch ID: 
2025-04-29 18:20:43,633 - INFO - Extracted 4 files from c8820file.zip, Batch ID: 
2025-04-29 18:20:43,654 - INFO - Extracted 4 files from 4b105file.zip, Batch ID: 
2025-04-29 18:20:43,677 - INFO - Extracted 4 files from d7798file.zip, Batch ID: 
2025-04-29 18:20:43,703 - INFO - Extracted 4 files from 1909ffile.zip, Batch ID: 
2025-04-29 18:20:43,784 - INFO - Extracted 4 files from b64acfile.zip, Batch ID: 
2025-04-29 18:20:43,801 - INFO - Extracted 4 files from 44b48file.zip, Batch ID: 
2025-04-29 19:04:07,605 - INFO - Extracted 4 files from 7f544file.zip, Batch ID: 
2025-04-29 19:04:08,567 - INFO - Extracted 4 files from 2a059file.zip, Batch ID: 
2025-04-29 19:04:09,159 - INFO - Extracted 4 files from 3f793file.zip, Batch ID: 
2025-04-29 19:04:09,180 - INFO - Extracted 4 files from 7fd1efile.zip, Batch ID: 
2025-04-29 19:04:10,257 - INFO - Extracted 4 files from c0079file.zip, Batch ID: 
2025-04-29 19:04:10,785 - INFO - Extracted 4 files from 70114file.zip, Batch ID: 
2025-04-29 19:04:10,808 - INFO - Extracted 4 files from 23d10file.zip, Batch ID: 
2025-04-29 19:04:10,827 - INFO - Extracted 4 files from 9a5f1file.zip, Batch ID: 
2025-04-29 19:04:10,844 - INFO - Extracted 4 files from 3801ffile.zip, Batch ID: 
2025-04-29 19:04:10,862 - INFO - Extracted 4 files from 2e3f4file.zip, Batch ID: 
2025-04-29 19:04:10,879 - INFO - Extracted 4 files from d4461file.zip, Batch ID: 
2025-04-29 19:04:10,895 - INFO - Extracted 4 files from fd0ccfile.zip, Batch ID: 
2025-04-29 19:04:10,911 - INFO - Extracted 4 files from 46f88file.zip, Batch ID: 
2025-04-29 19:04:10,929 - INFO - Extracted 4 files from cd4f0file.zip, Batch ID: 
2025-04-29 19:04:10,950 - INFO - Extracted 4 files from 03170file.zip, Batch ID: 
2025-04-29 19:04:11,052 - INFO - Extracted 4 files from f5b22file.zip, Batch ID: 
2025-04-29 19:04:11,069 - INFO - Extracted 4 files from 2e5bafile.zip, Batch ID: 
